<?xml version="1.0" encoding="utf-8"?><testsuites name="pytest tests"><testsuite name="pytest" errors="0" failures="0" skipped="0" tests="199" time="5.072" timestamp="2026-07-04T13:42:34.453636+02:00" hostname="DESKTOP-OM3O4N2"><testcase classname="tests.arduino.test_arduino.TestArduino" name="test_arduino_initialization" time="0.003" /><testcase classname="tests.arduino.test_arduino.TestArduino" name="test_get_status" time="0.001" /><testcase classname="tests.arduino.test_arduino.TestArduino" name="test_connect_success" time="0.004" /><testcase classname="tests.arduino.test_arduino.TestArduino" name="test_connect_failure" time="0.002" /><testcase classname="tests.arduino.test_arduino.TestArduino" name="test_disconnect_success" time="0.002" /><testcase classname="tests.arduino.test_arduino.TestArduino" name="test_disconnect_no_connection" time="0.002" /><testcase classname="tests.arduino.test_arduino.TestArduino" name="test_parse_pump_locker_data_valid" time="0.001" /><testcase classname="tests.arduino.test_arduino.TestArduino" name="test_parse_pump_locker_data_with_spaces" time="0.001" /><testcase classname="tests.arduino.test_arduino.TestArduino" name="test_parse_trafo_locker_data_valid" time="0.001" /><testcase classname="tests.arduino.test_arduino.TestArduino" name="test_parse_data_invalid_format" time="0.002" /><testcase classname="tests.arduino.test_arduino.TestArduino" name="test_readout_not_connected" time="0.001" /><testcase classname="tests.arduino.test_arduino.TestArduino" name="test_readout_with_data" time="0.002" /><testcase classname="tests.arduino.test_arduino.TestArduino" name="test_readout_no_data" time="0.001" /><testcase classname="tests.arduino.test_arduino.TestArduino" name="test_read_arduino_data_success" time="0.002" /><testcase classname="tests.arduino.test_arduino.TestArduino" name="test_read_arduino_data_no_data" time="0.002" /><testcase classname="tests.arduino.test_arduino.TestArduino" name="test_read_arduino_data_test_mode" time="0.003" /><testcase classname="tests.chiller.test_chiller.TestChiller" name="test_chiller_initialization_default" time="0.001" /><testcase classname="tests.chiller.test_chiller.TestChiller" name="test_chiller_initialization_custom" time="0.001" /><testcase classname="tests.chiller.test_chiller.TestChiller" name="test_get_status" time="0.001" /><testcase classname="tests.chiller.test_chiller.TestChiller" name="test_connect_success" time="0.002" /><testcase classname="tests.chiller.test_chiller.TestChiller" name="test_connect_failure" time="0.002" /><testcase classname="tests.chiller.test_chiller.TestChiller" name="test_disconnect_success" time="0.002" /><testcase classname="tests.chiller.test_chiller.TestChiller" name="test_disconnect_no_connection" time="0.002" /><testcase classname="tests.chiller.test_chiller.TestChiller" name="test_read_dev_success" time="0.002" /><testcase classname="tests.chiller.test_chiller.TestChiller" name="test_read_dev_not_connected" time="0.002" /><testcase classname="tests.chiller.test_chiller.TestChiller" name="test_set_param_success" time="0.002" /><testcase classname="tests.chiller.test_chiller.TestChiller" name="test_set_param_failure" time="0.002" /><testcase classname="tests.chiller.test_chiller.TestChiller" name="test_set_param_not_connected" time="0.001" /><testcase classname="tests.chiller.test_chiller.TestChiller" name="test_read_temp" time="0.002" /><testcase classname="tests.chiller.test_chiller.TestChiller" name="test_read_set_temp" time="0.002" /><testcase classname="tests.chiller.test_chiller.TestChiller" name="test_read_pump_level" time="0.002" /><testcase classname="tests.chiller.test_chiller.TestChiller" name="test_read_cooling" time="0.002" /><testcase classname="tests.chiller.test_chiller.TestChiller" name="test_read_keylock" time="0.002" /><testcase classname="tests.chiller.test_chiller.TestChiller" name="test_read_running" time="0.002" /><testcase classname="tests.chiller.test_chiller.TestChiller" name="test_read_status" time="0.002" /><testcase classname="tests.chiller.test_chiller.TestChiller" name="test_read_stat_diagnose" time="0.002" /><testcase classname="tests.chiller.test_chiller.TestChiller" name="test_set_temperature" time="0.002" /><testcase classname="tests.chiller.test_chiller.TestChiller" name="test_set_pump_level_valid" time="0.016" /><testcase classname="tests.chiller.test_chiller.TestChiller" name="test_set_pump_level_invalid" time="0.002" /><testcase classname="tests.chiller.test_chiller.TestChiller" name="test_set_temperature_rejects_non_finite" time="0.001" /><testcase classname="tests.chiller.test_chiller.TestChiller" name="test_sim_setpoint_roundtrip" time="0.002" /><testcase classname="tests.chiller.test_chiller.TestChiller" name="test_sim_pump_level_roundtrip" time="0.002" /><testcase classname="tests.chiller.test_chiller.TestChiller" name="test_sim_pump_level_still_validates" time="0.001" /><testcase classname="tests.chiller.test_chiller.TestChiller" name="test_set_keylock" time="0.002" /><testcase classname="tests.chiller.test_chiller.TestChiller" name="test_start_device" time="0.002" /><testcase classname="tests.chiller.test_chiller.TestChiller" name="test_stop_device" time="0.002" /><testcase classname="tests.chiller.test_chiller.TestChiller" name="test_custom_logger" time="0.002" /><testcase classname="tests.chiller.test_chiller.TestChillerCommands" name="test_read_commands" time="0.001" /><testcase classname="tests.chiller.test_chiller.TestChillerCommands" name="test_write_commands" time="0.001" /><testcase classname="tests.chiller.test_chiller.TestChillerIntegration" name="test_full_operation_cycle" time="0.004" /><testcase classname="tests.chiller.test_chiller.TestChillerIntegration" name="test_error_handling_without_connection" time="0.001" /><testcase classname="tests.chiller.test_chiller.TestChillerIntegration" name="test_logger_creation_and_usage" time="0.002" /><testcase classname="tests.chiller.test_chiller.TestChillerIntegration" name="test_internal_thread_mode_initialization" time="0.001" /><testcase classname="tests.chiller.test_chiller.TestChillerIntegration" name="test_external_thread_mode_initialization" time="0.002" /><testcase classname="tests.chiller.test_chiller.TestChillerIntegration" name="test_enable_file_logging_existing_handler" time="0.001" /><testcase classname="tests.chiller.test_chiller.TestChillerIntegration" name="test_start_housekeeping_internal_mode_success" time="0.002" /><testcase classname="tests.chiller.test_chiller.TestChillerIntegration" name="test_start_housekeeping_external_mode_success" time="0.002" /><testcase classname="tests.chiller.test_chiller.TestChillerIntegration" name="test_start_housekeeping_default_interval" time="0.003" /><testcase classname="tests.chiller.test_chiller.TestChillerIntegration" name="test_start_housekeeping_not_connected" time="0.002" /><testcase classname="tests.chiller.test_chiller.TestChillerIntegration" name="test_start_housekeeping_already_running" time="0.002" /><testcase classname="tests.chiller.test_chiller.TestChillerIntegration" name="test_stop_housekeeping_internal_mode" time="0.004" /><testcase classname="tests.chiller.test_chiller.TestChillerIntegration" name="test_stop_housekeeping_external_mode" time="0.002" /><testcase classname="tests.chiller.test_chiller.TestChillerIntegration" name="test_stop_housekeeping_not_running" time="0.001" /><testcase classname="tests.chiller.test_chiller.TestChillerIntegration" name="test_do_housekeeping_cycle_success" time="0.002" /><testcase classname="tests.chiller.test_chiller.TestChillerIntegration" name="test_do_housekeeping_cycle_not_running" time="0.001" /><testcase classname="tests.chiller.test_chiller.TestChillerIntegration" name="test_do_housekeeping_cycle_not_connected" time="0.001" /><testcase classname="tests.chiller.test_chiller.TestChillerIntegration" name="test_do_housekeeping_cycle_exception" time="0.002" /><testcase classname="tests.chiller.test_chiller.TestChillerIntegration" name="test_should_continue_housekeeping_true" time="0.001" /><testcase classname="tests.chiller.test_chiller.TestChillerIntegration" name="test_should_continue_housekeeping_false_not_running" time="0.001" /><testcase classname="tests.chiller.test_chiller.TestChillerIntegration" name="test_should_continue_housekeeping_false_stop_event" time="0.001" /><testcase classname="tests.chiller.test_chiller.TestChillerIntegration" name="test_hk_worker_function" time="0.003" /><testcase classname="tests.chiller.test_chiller.TestChillerIntegration" name="test_get_status_with_threading_info" time="0.002" /><testcase classname="tests.chiller.test_chiller.TestChillerIntegration" name="test_thread_safety_concurrent_access" time="0.002" /><testcase classname="tests.chiller.test_chiller.TestChillerIntegration" name="test_disconnect_stops_housekeeping" time="0.002" /><testcase classname="tests.chiller.test_chiller.TestChillerIntegration" name="test_cleanup_destructor" time="0.002" /><testcase classname="tests.chiller.test_chiller.TestChillerIntegration" name="test_threading_attributes_consistency" time="0.002" /><testcase classname="tests.chiller.test_chiller.TestChillerIntegration" name="test_interval_parameter_handling" time="0.004" /><testcase classname="tests.syringe_pump.test_syringe_pump.TestSyringePump" name="test_syringe_pump_initialization_default" time="0.002" /><testcase classname="tests.syringe_pump.test_syringe_pump.TestSyringePump" name="test_syringe_pump_initialization_custom" time="0.001" /><testcase classname="tests.syringe_pump.test_syringe_pump.TestSyringePump" name="test_initialization_with_external_thread" time="0.001" /><testcase classname="tests.syringe_pump.test_syringe_pump.TestSyringePump" name="test_connect_success" time="0.003" /><testcase classname="tests.syringe_pump.test_syringe_pump.TestSyringePump" name="test_connect_failure" time="0.002" /><testcase classname="tests.syringe_pump.test_syringe_pump.TestSyringePump" name="test_disconnect_success" time="0.002" /><testcase classname="tests.syringe_pump.test_syringe_pump.TestSyringePump" name="test_disconnect_no_connection" time="0.001" /><testcase classname="tests.syringe_pump.test_syringe_pump.TestSyringePump" name="test_add_mode_no_mode" time="0.001" /><testcase classname="tests.syringe_pump.test_syringe_pump.TestSyringePump" name="test_add_mode_with_mode" time="0.001" /><testcase classname="tests.syringe_pump.test_syringe_pump.TestSyringePump" name="test_add_x_no_prefix" time="0.001" /><testcase classname="tests.syringe_pump.test_syringe_pump.TestSyringePump" name="test_add_x_with_prefix" time="0.001" /><testcase classname="tests.syringe_pump.test_syringe_pump.TestSyringePump" name="test_send_command_not_connected" time="0.002" /><testcase classname="tests.syringe_pump.test_syringe_pump.TestSyringePump" name="test_send_command_success" time="0.003" /><testcase classname="tests.syringe_pump.test_syringe_pump.TestSyringePump" name="test_get_response_success" time="0.002" /><testcase classname="tests.syringe_pump.test_syringe_pump.TestSyringePump" name="test_get_response_error" time="0.002" /><testcase classname="tests.syringe_pump.test_syringe_pump.TestSyringePump" name="test_start_pump_no_x_no_mode" time="0.002" /><testcase classname="tests.syringe_pump.test_syringe_pump.TestSyringePump" name="test_start_pump_with_x_and_mode" time="0.001" /><testcase classname="tests.syringe_pump.test_syringe_pump.TestSyringePump" name="test_stop_pump" time="0.002" /><testcase classname="tests.syringe_pump.test_syringe_pump.TestSyringePump" name="test_pause_pump" time="0.002" /><testcase classname="tests.syringe_pump.test_syringe_pump.TestSyringePump" name="test_restart_pump" time="0.002" /><testcase classname="tests.syringe_pump.test_syringe_pump.TestSyringePump" name="test_set_units_valid" time="0.012" /><testcase classname="tests.syringe_pump.test_syringe_pump.TestSyringePump" name="test_set_units_invalid" time="0.002" /><testcase classname="tests.syringe_pump.test_syringe_pump.TestSyringePump" name="test_set_diameter" time="0.002" /><testcase classname="tests.syringe_pump.test_syringe_pump.TestSyringePump" name="test_set_rate_single_value" time="0.002" /><testcase classname="tests.syringe_pump.test_syringe_pump.TestSyringePump" name="test_set_rate_multiple_values" time="0.002" /><testcase classname="tests.syringe_pump.test_syringe_pump.TestSyringePump" name="test_set_volume_single_value" time="0.002" /><testcase classname="tests.syringe_pump.test_syringe_pump.TestSyringePump" name="test_set_volume_multiple_values" time="0.002" /><testcase classname="tests.syringe_pump.test_syringe_pump.TestSyringePump" name="test_set_delay_single_value" time="0.002" /><testcase classname="tests.syringe_pump.test_syringe_pump.TestSyringePump" name="test_set_delay_multiple_values" time="0.002" /><testcase classname="tests.syringe_pump.test_syringe_pump.TestSyringePump" name="test_set_time" time="0.002" /><testcase classname="tests.syringe_pump.test_syringe_pump.TestSyringePump" name="test_get_parameter_limits" time="0.002" /><testcase classname="tests.syringe_pump.test_syringe_pump.TestSyringePump" name="test_get_parameters" time="0.002" /><testcase classname="tests.syringe_pump.test_syringe_pump.TestSyringePump" name="test_get_displaced_volume" time="0.002" /><testcase classname="tests.syringe_pump.test_syringe_pump.TestSyringePump" name="test_get_elapsed_time" time="0.002" /><testcase classname="tests.syringe_pump.test_syringe_pump.TestSyringePump" name="test_get_pump_status" time="0.003" /><testcase classname="tests.syringe_pump.test_syringe_pump.TestSyringePump" name="test_get_available_ports_windows" time="0.006" /><testcase classname="tests.syringe_pump.test_syringe_pump.TestSyringePump" name="test_get_available_ports_linux" time="0.002" /><testcase classname="tests.syringe_pump.test_syringe_pump.TestSyringePump" name="test_flush_buffers" time="0.002" /><testcase classname="tests.syringe_pump.test_syringe_pump.TestSyringePump" name="test_flush_buffers_no_connection" time="0.001" /><testcase classname="tests.syringe_pump.test_syringe_pump.TestSyringePumpIntegration" name="test_typical_workflow" time="0.002" /><testcase classname="tests.syringe_pump.test_syringe_pump.TestSyringePumpIntegration" name="test_connection_lifecycle" time="0.003" /><testcase classname="tests.syringe_pump.test_syringe_pump.TestSyringePumpIntegration" name="test_multi_step_operations" time="0.002" /><testcase classname="tests.test_reconnect_responding.TestRespondingState" name="test_unknown_before_connect_and_without_hk" time="0.023" /><testcase classname="tests.test_reconnect_responding.TestRespondingState" name="test_true_while_samples_arrive" time="0.018" /><testcase classname="tests.test_reconnect_responding.TestRespondingState" name="test_false_when_polling_into_silence" time="0.019" /><testcase classname="tests.test_reconnect_responding.TestRespondingState" name="test_unknown_again_after_hk_stop" time="0.018" /><testcase classname="tests.test_reconnect_responding.TestReconnect" name="test_reconnect_resumes_housekeeping" time="0.024" /><testcase classname="tests.test_reconnect_responding.TestReconnect" name="test_reconnect_leaves_housekeeping_off" time="0.015" /><testcase classname="tests.test_reconnect_responding.TestReconnect" name="test_reconnect_resets_last_sample" time="0.020" /><testcase classname="tests.test_reconnect_responding.TestReconnect" name="test_connect_is_idempotent" time="0.014" /><testcase classname="tests.test_telemetry.TestSQLiteSink" name="test_satisfies_protocol" time="0.013" /><testcase classname="tests.test_telemetry.TestSQLiteSink" name="test_schema_created" time="0.014" /><testcase classname="tests.test_telemetry.TestSQLiteSink" name="test_wal_mode" time="0.025" /><testcase classname="tests.test_telemetry.TestSQLiteSink" name="test_write_sample" time="0.016" /><testcase classname="tests.test_telemetry.TestSQLiteSink" name="test_write_event" time="0.015" /><testcase classname="tests.test_telemetry.TestSQLiteSink" name="test_readonly_uri_reader" time="0.026" /><testcase classname="tests.test_telemetry.TestSQLiteSink" name="test_concurrent_writes" time="0.086" /><testcase classname="tests.test_telemetry.TestSQLiteSink" name="test_creates_parent_directory" time="0.012" /><testcase classname="tests.test_test_mode.TestTestMode" name="test_sim_connect_and_hk_cycle[&lt;lambda&gt;0]" time="0.032" /><testcase classname="tests.test_test_mode.TestTestMode" name="test_sim_connect_and_hk_cycle[&lt;lambda&gt;1]" time="0.033" /><testcase classname="tests.test_test_mode.TestTestMode" name="test_sim_connect_and_hk_cycle[&lt;lambda&gt;2]" time="0.029" /><testcase classname="tests.test_test_mode.TestTestMode" name="test_sim_connect_and_hk_cycle[&lt;lambda&gt;3]" time="0.034" /><testcase classname="tests.test_test_mode.TestTestMode" name="test_sim_connect_and_hk_cycle[&lt;lambda&gt;4]" time="0.035" /><testcase classname="tests.test_test_mode.TestTestMode" name="test_sim_connect_and_hk_cycle[&lt;lambda&gt;5]" time="0.036" /><testcase classname="tests.test_test_mode.TestTestMode" name="test_sim_connect_and_hk_cycle[&lt;lambda&gt;6]" time="0.046" /><testcase classname="tests.test_test_mode.TestTestMode" name="test_sim_connect_and_hk_cycle[&lt;lambda&gt;7]" time="0.051" /><testcase classname="tests.test_test_mode.TestTestMode" name="test_sim_connect_and_hk_cycle[&lt;lambda&gt;8]" time="0.034" /><testcase classname="tests.test_test_mode.TestTestMode" name="test_repeated_cycles_stable[&lt;lambda&gt;0]" time="0.048" /><testcase classname="tests.test_test_mode.TestTestMode" name="test_repeated_cycles_stable[&lt;lambda&gt;1]" time="0.040" /><testcase classname="tests.test_test_mode.TestTestMode" name="test_repeated_cycles_stable[&lt;lambda&gt;2]" time="0.036" /><testcase classname="tests.test_test_mode.TestTestMode" name="test_repeated_cycles_stable[&lt;lambda&gt;3]" time="0.060" /><testcase classname="tests.test_test_mode.TestTestMode" name="test_repeated_cycles_stable[&lt;lambda&gt;4]" time="0.060" /><testcase classname="tests.test_test_mode.TestTestMode" name="test_repeated_cycles_stable[&lt;lambda&gt;5]" time="0.068" /><testcase classname="tests.test_test_mode.TestTestMode" name="test_repeated_cycles_stable[&lt;lambda&gt;6]" time="0.117" /><testcase classname="tests.test_test_mode.TestTestMode" name="test_repeated_cycles_stable[&lt;lambda&gt;7]" time="0.135" /><testcase classname="tests.test_test_mode.TestTestMode" name="test_repeated_cycles_stable[&lt;lambda&gt;8]" time="0.033" /><testcase classname="tests.test_test_mode.TestTestMode" name="test_log_format_matches_canonical" time="0.018" /><testcase classname="tests.test_test_mode.TestTestMode" name="test_heating_enabled_in_sim_hk_cycle[&lt;lambda&gt;0]" time="0.043" /><testcase classname="tests.test_test_mode.TestTestMode" name="test_heating_enabled_in_sim_hk_cycle[&lt;lambda&gt;1]" time="0.052" /><testcase classname="tests.test_test_mode.TestTPG366SensorControl" name="test_sensor_on_states_in_sim_hk_cycle[&lt;lambda&gt;0]" time="0.034" /><testcase classname="tests.test_test_mode.TestTPG366SensorControl" name="test_sensor_on_states_in_sim_hk_cycle[&lt;lambda&gt;1]" time="0.037" /><testcase classname="tests.test_test_mode.TestTPG366SensorControl" name="test_sensor_on_off_flips_sim_state[&lt;lambda&gt;0]" time="0.002" /><testcase classname="tests.test_test_mode.TestTPG366SensorControl" name="test_sensor_on_off_flips_sim_state[&lt;lambda&gt;1]" time="0.001" /><testcase classname="tests.test_test_mode.TestTPG366SensorControl" name="test_invalid_channel_raises_value_error[&lt;lambda&gt;0-0-sensor_on]" time="0.001" /><testcase classname="tests.test_test_mode.TestTPG366SensorControl" name="test_invalid_channel_raises_value_error[&lt;lambda&gt;0-0-sensor_off]" time="0.001" /><testcase classname="tests.test_test_mode.TestTPG366SensorControl" name="test_invalid_channel_raises_value_error[&lt;lambda&gt;0-0-get_sensor_on]" time="0.001" /><testcase classname="tests.test_test_mode.TestTPG366SensorControl" name="test_invalid_channel_raises_value_error[&lt;lambda&gt;0-7-sensor_on]" time="0.001" /><testcase classname="tests.test_test_mode.TestTPG366SensorControl" name="test_invalid_channel_raises_value_error[&lt;lambda&gt;0-7-sensor_off]" time="0.001" /><testcase classname="tests.test_test_mode.TestTPG366SensorControl" name="test_invalid_channel_raises_value_error[&lt;lambda&gt;0-7-get_sensor_on]" time="0.001" /><testcase classname="tests.test_test_mode.TestTPG366SensorControl" name="test_invalid_channel_raises_value_error[&lt;lambda&gt;0-3-sensor_on]" time="0.001" /><testcase classname="tests.test_test_mode.TestTPG366SensorControl" name="test_invalid_channel_raises_value_error[&lt;lambda&gt;0-3-sensor_off]" time="0.001" /><testcase classname="tests.test_test_mode.TestTPG366SensorControl" name="test_invalid_channel_raises_value_error[&lt;lambda&gt;0-3-get_sensor_on]" time="0.001" /><testcase classname="tests.test_test_mode.TestTPG366SensorControl" name="test_invalid_channel_raises_value_error[&lt;lambda&gt;1-0-sensor_on]" time="0.001" /><testcase classname="tests.test_test_mode.TestTPG366SensorControl" name="test_invalid_channel_raises_value_error[&lt;lambda&gt;1-0-sensor_off]" time="0.001" /><testcase classname="tests.test_test_mode.TestTPG366SensorControl" name="test_invalid_channel_raises_value_error[&lt;lambda&gt;1-0-get_sensor_on]" time="0.001" /><testcase classname="tests.test_test_mode.TestTPG366SensorControl" name="test_invalid_channel_raises_value_error[&lt;lambda&gt;1-7-sensor_on]" time="0.001" /><testcase classname="tests.test_test_mode.TestTPG366SensorControl" name="test_invalid_channel_raises_value_error[&lt;lambda&gt;1-7-sensor_off]" time="0.002" /><testcase classname="tests.test_test_mode.TestTPG366SensorControl" name="test_invalid_channel_raises_value_error[&lt;lambda&gt;1-7-get_sensor_on]" time="0.001" /><testcase classname="tests.test_test_mode.TestTPG366SensorControl" name="test_invalid_channel_raises_value_error[&lt;lambda&gt;1-3-sensor_on]" time="0.001" /><testcase classname="tests.test_test_mode.TestTPG366SensorControl" name="test_invalid_channel_raises_value_error[&lt;lambda&gt;1-3-sensor_off]" time="0.001" /><testcase classname="tests.test_test_mode.TestTPG366SensorControl" name="test_invalid_channel_raises_value_error[&lt;lambda&gt;1-3-get_sensor_on]" time="0.001" /><testcase classname="tests.test_test_mode.TestTPG366SensorControl" name="test_zero_pressure_excluded_from_hk_cycle[&lt;lambda&gt;0]" time="0.041" /><testcase classname="tests.test_test_mode.TestTPG366SensorControl" name="test_zero_pressure_excluded_from_hk_cycle[&lt;lambda&gt;1]" time="0.039" /><testcase classname="tests.test_test_mode.TestTPG366SensorControl" name="test_frozen_register_off_sensor_not_logged[&lt;lambda&gt;0]" time="0.035" /><testcase classname="tests.test_test_mode.TestTPG366SensorControl" name="test_frozen_register_off_sensor_not_logged[&lt;lambda&gt;1]" time="0.032" /><testcase classname="tests.test_test_mode.TestTPG366SensorControl" name="test_state_read_failure_falls_back_to_pressure_read[&lt;lambda&gt;0]" time="0.036" /><testcase classname="tests.test_test_mode.TestTPG366SensorControl" name="test_state_read_failure_falls_back_to_pressure_read[&lt;lambda&gt;1]" time="0.039" /><testcase classname="tests.test_test_mode.TestNeverAutoSimulate" name="test_failed_connect_returns_false" time="0.028" /><testcase classname="tests.test_test_mode.TestNeverAutoSimulate" name="test_housekeeping_refuses_when_not_connected" time="0.027" /><testcase classname="tests.test_test_mode.TestNeverAutoSimulate" name="test_pfeiffer_protocol_guard_in_test_mode" time="0.001" /><testcase classname="tests.test_test_mode.TestNeverAutoSimulate" name="test_hipace_unsimulated_param_guard_in_test_mode[&lt;lambda&gt;0]" time="0.001" /><testcase classname="tests.test_test_mode.TestNeverAutoSimulate" name="test_hipace_unsimulated_param_guard_in_test_mode[&lt;lambda&gt;1]" time="0.001" /><testcase classname="tests.test_test_mode.TestHiPaceSimState" name="test_pump_stop_start_reflected_in_sim_hk[&lt;lambda&gt;0]" time="0.076" /><testcase classname="tests.test_test_mode.TestHiPaceSimState" name="test_pump_stop_start_reflected_in_sim_hk[&lt;lambda&gt;1]" time="0.083" /><testcase classname="tests.test_test_mode.TestHiPaceSimState" name="test_heating_toggle_reflected_in_sim[&lt;lambda&gt;0]" time="0.052" /><testcase classname="tests.test_test_mode.TestHiPaceSimState" name="test_heating_toggle_reflected_in_sim[&lt;lambda&gt;1]" time="0.055" /><testcase classname="tests.test_test_mode.TestHiPaceSimState" name="test_gauge_channels_in_sim_hk_cycle[&lt;lambda&gt;0]" time="0.068" /><testcase classname="tests.test_test_mode.TestHiPaceSimState" name="test_gauge_channels_in_sim_hk_cycle[&lt;lambda&gt;1]" time="0.078" /><testcase classname="tests.test_test_mode.TestHiPaceSimState" name="test_gauge_frozen_register_off_not_logged[&lt;lambda&gt;0]" time="0.045" /><testcase classname="tests.test_test_mode.TestHiPaceSimState" name="test_gauge_frozen_register_off_not_logged[&lt;lambda&gt;1]" time="0.049" /><testcase classname="tests.test_test_mode.TestHiPaceSimState" name="test_no_gauge_configured[&lt;lambda&gt;0]" time="0.043" /><testcase classname="tests.test_test_mode.TestHiPaceSimState" name="test_no_gauge_configured[&lt;lambda&gt;1]" time="0.048" /></testsuite></testsuites>