<?xml version="1.0" encoding="utf-8"?><testsuites name="pytest tests"><testsuite name="pytest" errors="0" failures="3" skipped="0" tests="116" time="1.988" timestamp="2026-01-21T14:28:27.038406+01:00" hostname="DESKTOP-3QOLC10"><testcase classname="tests.arduino.test_arduino.TestArduino" name="test_arduino_initialization" time="0.003" /><testcase classname="tests.arduino.test_arduino.TestArduino" name="test_get_status" time="0.002" /><testcase classname="tests.arduino.test_arduino.TestArduino" name="test_connect_success" time="0.003" /><testcase classname="tests.arduino.test_arduino.TestArduino" name="test_connect_failure" time="0.002" /><testcase classname="tests.arduino.test_arduino.TestArduino" name="test_disconnect_success" time="0.002" /><testcase classname="tests.arduino.test_arduino.TestArduino" name="test_disconnect_no_connection" time="0.002" /><testcase classname="tests.arduino.test_arduino.TestArduino" name="test_parse_pump_locker_data_valid" time="0.003"><failure message="assert None is not None">tests\arduino\test_arduino.py:127: in test_parse_pump_locker_data_valid
    assert result is not None
E   assert None is not None</failure></testcase><testcase classname="tests.arduino.test_arduino.TestArduino" name="test_parse_pump_locker_data_with_spaces" time="0.002"><failure message="assert None is not None">tests\arduino\test_arduino.py:140: in test_parse_pump_locker_data_with_spaces
    assert result is not None
E   assert None is not None</failure></testcase><testcase classname="tests.arduino.test_arduino.TestArduino" name="test_parse_trafo_locker_data_valid" time="0.002" /><testcase classname="tests.arduino.test_arduino.TestArduino" name="test_parse_data_invalid_format" time="0.001" /><testcase classname="tests.arduino.test_arduino.TestArduino" name="test_parse_data_unknown_parser" time="0.002" /><testcase classname="tests.arduino.test_arduino.TestArduino" name="test_parse_custom_data" time="0.002" /><testcase classname="tests.arduino.test_arduino.TestArduino" name="test_readout_not_connected" time="0.002" /><testcase classname="tests.arduino.test_arduino.TestArduino" name="test_readout_with_data" time="0.002" /><testcase classname="tests.arduino.test_arduino.TestArduino" name="test_readout_no_data" time="0.002" /><testcase classname="tests.arduino.test_arduino.TestArduino" name="test_read_arduino_data_success" time="0.002"><failure message="assert None is not None">tests\arduino\test_arduino.py:245: in test_read_arduino_data_success
    assert result is not None
E   assert None is not None</failure></testcase><testcase classname="tests.arduino.test_arduino.TestArduino" name="test_read_arduino_data_no_data" time="0.002" /><testcase classname="tests.chiller.test_chiller.TestChiller" name="test_chiller_initialization_default" time="0.002" /><testcase classname="tests.chiller.test_chiller.TestChiller" name="test_chiller_initialization_custom" time="0.001" /><testcase classname="tests.chiller.test_chiller.TestChiller" name="test_get_status" time="0.002" /><testcase classname="tests.chiller.test_chiller.TestChiller" name="test_connect_success" time="0.003" /><testcase classname="tests.chiller.test_chiller.TestChiller" name="test_connect_failure" time="0.002" /><testcase classname="tests.chiller.test_chiller.TestChiller" name="test_disconnect_success" time="0.003" /><testcase classname="tests.chiller.test_chiller.TestChiller" name="test_disconnect_no_connection" time="0.002" /><testcase classname="tests.chiller.test_chiller.TestChiller" name="test_read_dev_success" time="0.003" /><testcase classname="tests.chiller.test_chiller.TestChiller" name="test_read_dev_not_connected" time="0.002" /><testcase classname="tests.chiller.test_chiller.TestChiller" name="test_set_param_success" time="0.002" /><testcase classname="tests.chiller.test_chiller.TestChiller" name="test_set_param_failure" time="0.002" /><testcase classname="tests.chiller.test_chiller.TestChiller" name="test_set_param_not_connected" time="0.002" /><testcase classname="tests.chiller.test_chiller.TestChiller" name="test_read_temp" time="0.003" /><testcase classname="tests.chiller.test_chiller.TestChiller" name="test_read_set_temp" time="0.002" /><testcase classname="tests.chiller.test_chiller.TestChiller" name="test_read_pump_level" time="0.002" /><testcase classname="tests.chiller.test_chiller.TestChiller" name="test_read_cooling" time="0.002" /><testcase classname="tests.chiller.test_chiller.TestChiller" name="test_read_keylock" time="0.002" /><testcase classname="tests.chiller.test_chiller.TestChiller" name="test_read_running" time="0.003" /><testcase classname="tests.chiller.test_chiller.TestChiller" name="test_read_status" time="0.002" /><testcase classname="tests.chiller.test_chiller.TestChiller" name="test_read_stat_diagnose" time="0.002" /><testcase classname="tests.chiller.test_chiller.TestChiller" name="test_set_temperature" time="0.002" /><testcase classname="tests.chiller.test_chiller.TestChiller" name="test_set_pump_level_valid" time="0.003" /><testcase classname="tests.chiller.test_chiller.TestChiller" name="test_set_pump_level_invalid" time="0.003" /><testcase classname="tests.chiller.test_chiller.TestChiller" name="test_set_keylock" time="0.002" /><testcase classname="tests.chiller.test_chiller.TestChiller" name="test_start_device" time="0.003" /><testcase classname="tests.chiller.test_chiller.TestChiller" name="test_stop_device" time="0.002" /><testcase classname="tests.chiller.test_chiller.TestChiller" name="test_custom_logger" time="0.002" /><testcase classname="tests.chiller.test_chiller.TestChillerCommands" name="test_read_commands" time="0.001" /><testcase classname="tests.chiller.test_chiller.TestChillerCommands" name="test_write_commands" time="0.001" /><testcase classname="tests.chiller.test_chiller.TestChillerIntegration" name="test_full_operation_cycle" time="0.004" /><testcase classname="tests.chiller.test_chiller.TestChillerIntegration" name="test_error_handling_without_connection" time="0.002" /><testcase classname="tests.chiller.test_chiller.TestChillerIntegration" name="test_logger_creation_and_usage" time="0.003" /><testcase classname="tests.chiller.test_chiller.TestChillerIntegration" name="test_internal_thread_mode_initialization" time="0.002" /><testcase classname="tests.chiller.test_chiller.TestChillerIntegration" name="test_external_thread_mode_initialization" time="0.002" /><testcase classname="tests.chiller.test_chiller.TestChillerIntegration" name="test_enable_file_logging_existing_handler" time="0.003" /><testcase classname="tests.chiller.test_chiller.TestChillerIntegration" name="test_start_housekeeping_internal_mode_success" time="0.004" /><testcase classname="tests.chiller.test_chiller.TestChillerIntegration" name="test_start_housekeeping_external_mode_success" time="0.004" /><testcase classname="tests.chiller.test_chiller.TestChillerIntegration" name="test_start_housekeeping_default_interval" time="0.003" /><testcase classname="tests.chiller.test_chiller.TestChillerIntegration" name="test_start_housekeeping_not_connected" time="0.002" /><testcase classname="tests.chiller.test_chiller.TestChillerIntegration" name="test_start_housekeeping_already_running" time="0.002" /><testcase classname="tests.chiller.test_chiller.TestChillerIntegration" name="test_stop_housekeeping_internal_mode" time="0.003" /><testcase classname="tests.chiller.test_chiller.TestChillerIntegration" name="test_stop_housekeeping_external_mode" time="0.002" /><testcase classname="tests.chiller.test_chiller.TestChillerIntegration" name="test_stop_housekeeping_not_running" time="0.002" /><testcase classname="tests.chiller.test_chiller.TestChillerIntegration" name="test_do_housekeeping_cycle_success" time="0.003" /><testcase classname="tests.chiller.test_chiller.TestChillerIntegration" name="test_do_housekeeping_cycle_not_running" time="0.002" /><testcase classname="tests.chiller.test_chiller.TestChillerIntegration" name="test_do_housekeeping_cycle_not_connected" time="0.002" /><testcase classname="tests.chiller.test_chiller.TestChillerIntegration" name="test_do_housekeeping_cycle_exception" time="0.003" /><testcase classname="tests.chiller.test_chiller.TestChillerIntegration" name="test_should_continue_housekeeping_true" time="0.002" /><testcase classname="tests.chiller.test_chiller.TestChillerIntegration" name="test_should_continue_housekeeping_false_not_running" time="0.002" /><testcase classname="tests.chiller.test_chiller.TestChillerIntegration" name="test_should_continue_housekeeping_false_stop_event" time="0.002" /><testcase classname="tests.chiller.test_chiller.TestChillerIntegration" name="test_hk_worker_function" time="0.003" /><testcase classname="tests.chiller.test_chiller.TestChillerIntegration" name="test_get_status_with_threading_info" time="0.003" /><testcase classname="tests.chiller.test_chiller.TestChillerIntegration" name="test_thread_safety_concurrent_access" time="0.003" /><testcase classname="tests.chiller.test_chiller.TestChillerIntegration" name="test_disconnect_stops_housekeeping" time="0.003" /><testcase classname="tests.chiller.test_chiller.TestChillerIntegration" name="test_cleanup_destructor" time="0.002" /><testcase classname="tests.chiller.test_chiller.TestChillerIntegration" name="test_threading_attributes_consistency" time="0.003" /><testcase classname="tests.chiller.test_chiller.TestChillerIntegration" name="test_interval_parameter_handling" time="0.005" /><testcase classname="tests.syringe_pump.test_syringe_pump.TestSyringePump" name="test_syringe_pump_initialization_default" time="0.002" /><testcase classname="tests.syringe_pump.test_syringe_pump.TestSyringePump" name="test_syringe_pump_initialization_custom" time="0.001" /><testcase classname="tests.syringe_pump.test_syringe_pump.TestSyringePump" name="test_initialization_with_external_thread" time="0.002" /><testcase classname="tests.syringe_pump.test_syringe_pump.TestSyringePump" name="test_connect_success" time="0.004" /><testcase classname="tests.syringe_pump.test_syringe_pump.TestSyringePump" name="test_connect_failure" time="0.003" /><testcase classname="tests.syringe_pump.test_syringe_pump.TestSyringePump" name="test_disconnect_success" time="0.002" /><testcase classname="tests.syringe_pump.test_syringe_pump.TestSyringePump" name="test_disconnect_no_connection" time="0.004" /><testcase classname="tests.syringe_pump.test_syringe_pump.TestSyringePump" name="test_add_mode_no_mode" time="0.002" /><testcase classname="tests.syringe_pump.test_syringe_pump.TestSyringePump" name="test_add_mode_with_mode" time="0.001" /><testcase classname="tests.syringe_pump.test_syringe_pump.TestSyringePump" name="test_add_x_no_prefix" time="0.002" /><testcase classname="tests.syringe_pump.test_syringe_pump.TestSyringePump" name="test_add_x_with_prefix" time="0.001" /><testcase classname="tests.syringe_pump.test_syringe_pump.TestSyringePump" name="test_send_command_not_connected" time="0.002" /><testcase classname="tests.syringe_pump.test_syringe_pump.TestSyringePump" name="test_send_command_success" time="0.004" /><testcase classname="tests.syringe_pump.test_syringe_pump.TestSyringePump" name="test_get_response_success" time="0.003" /><testcase classname="tests.syringe_pump.test_syringe_pump.TestSyringePump" name="test_get_response_error" time="0.003" /><testcase classname="tests.syringe_pump.test_syringe_pump.TestSyringePump" name="test_start_pump_no_x_no_mode" time="0.003" /><testcase classname="tests.syringe_pump.test_syringe_pump.TestSyringePump" name="test_start_pump_with_x_and_mode" time="0.001" /><testcase classname="tests.syringe_pump.test_syringe_pump.TestSyringePump" name="test_stop_pump" time="0.002" /><testcase classname="tests.syringe_pump.test_syringe_pump.TestSyringePump" name="test_pause_pump" time="0.002" /><testcase classname="tests.syringe_pump.test_syringe_pump.TestSyringePump" name="test_restart_pump" time="0.002" /><testcase classname="tests.syringe_pump.test_syringe_pump.TestSyringePump" name="test_set_units_valid" time="0.007" /><testcase classname="tests.syringe_pump.test_syringe_pump.TestSyringePump" name="test_set_units_invalid" time="0.002" /><testcase classname="tests.syringe_pump.test_syringe_pump.TestSyringePump" name="test_set_diameter" time="0.002" /><testcase classname="tests.syringe_pump.test_syringe_pump.TestSyringePump" name="test_set_rate_single_value" time="0.004" /><testcase classname="tests.syringe_pump.test_syringe_pump.TestSyringePump" name="test_set_rate_multiple_values" time="0.002" /><testcase classname="tests.syringe_pump.test_syringe_pump.TestSyringePump" name="test_set_volume_single_value" time="0.002" /><testcase classname="tests.syringe_pump.test_syringe_pump.TestSyringePump" name="test_set_volume_multiple_values" time="0.002" /><testcase classname="tests.syringe_pump.test_syringe_pump.TestSyringePump" name="test_set_delay_single_value" time="0.002" /><testcase classname="tests.syringe_pump.test_syringe_pump.TestSyringePump" name="test_set_delay_multiple_values" time="0.002" /><testcase classname="tests.syringe_pump.test_syringe_pump.TestSyringePump" name="test_set_time" time="0.003" /><testcase classname="tests.syringe_pump.test_syringe_pump.TestSyringePump" name="test_get_parameter_limits" time="0.002" /><testcase classname="tests.syringe_pump.test_syringe_pump.TestSyringePump" name="test_get_parameters" time="0.002" /><testcase classname="tests.syringe_pump.test_syringe_pump.TestSyringePump" name="test_get_displaced_volume" time="0.002" /><testcase classname="tests.syringe_pump.test_syringe_pump.TestSyringePump" name="test_get_elapsed_time" time="0.002" /><testcase classname="tests.syringe_pump.test_syringe_pump.TestSyringePump" name="test_get_pump_status" time="0.002" /><testcase classname="tests.syringe_pump.test_syringe_pump.TestSyringePump" name="test_get_available_ports_windows" time="0.005" /><testcase classname="tests.syringe_pump.test_syringe_pump.TestSyringePump" name="test_get_available_ports_linux" time="0.002" /><testcase classname="tests.syringe_pump.test_syringe_pump.TestSyringePump" name="test_flush_buffers" time="0.003" /><testcase classname="tests.syringe_pump.test_syringe_pump.TestSyringePump" name="test_flush_buffers_no_connection" time="0.002" /><testcase classname="tests.syringe_pump.test_syringe_pump.TestSyringePumpIntegration" name="test_typical_workflow" time="0.003" /><testcase classname="tests.syringe_pump.test_syringe_pump.TestSyringePumpIntegration" name="test_connection_lifecycle" time="0.003" /><testcase classname="tests.syringe_pump.test_syringe_pump.TestSyringePumpIntegration" name="test_multi_step_operations" time="0.003" /></testsuite></testsuites>