<?xml version="1.0" encoding="utf-8"?><testsuites name="pytest tests"><testsuite name="pytest" errors="0" failures="0" skipped="0" tests="26" time="3.994" timestamp="2026-08-03T09:54:15.622866+02:00" hostname="DESKTOP-OM3O4N2"><testcase classname="tests.arduino.test_arduino.TestArduino" name="test_arduino_initialization" time="0.004" /><testcase classname="tests.arduino.test_arduino.TestArduino" name="test_get_status" time="0.002" /><testcase classname="tests.arduino.test_arduino.TestArduino" name="test_connect_success" time="0.003" /><testcase classname="tests.arduino.test_arduino.TestArduino" name="test_connect_failure" time="0.002" /><testcase classname="tests.arduino.test_arduino.TestArduino" name="test_disconnect_success" time="0.002" /><testcase classname="tests.arduino.test_arduino.TestArduino" name="test_disconnect_no_connection" time="0.001" /><testcase classname="tests.arduino.test_arduino.TestArduino" name="test_parse_pump_locker_data_valid" time="0.002" /><testcase classname="tests.arduino.test_arduino.TestArduino" name="test_parse_pump_locker_data_with_spaces" time="0.002" /><testcase classname="tests.arduino.test_arduino.TestArduino" name="test_parse_trafo_locker_data_valid" time="0.001" /><testcase classname="tests.arduino.test_arduino.TestArduino" name="test_parse_data_invalid_format" time="0.002" /><testcase classname="tests.arduino.test_arduino.TestArduino" name="test_readout_not_connected" time="0.002" /><testcase classname="tests.arduino.test_arduino.TestArduino" name="test_readout_with_data" time="0.002" /><testcase classname="tests.arduino.test_arduino.TestArduino" name="test_readout_no_data" time="0.002" /><testcase classname="tests.arduino.test_arduino.TestArduino" name="test_read_arduino_data_success" time="0.002" /><testcase classname="tests.arduino.test_arduino.TestArduino" name="test_read_arduino_data_no_data" time="0.001" /><testcase classname="tests.arduino.test_arduino.TestArduino" name="test_read_arduino_data_test_mode" time="0.003" /><testcase classname="tests.arduino.test_dt670.TestDT670Arduino" name="test_initialization" time="0.002" /><testcase classname="tests.arduino.test_dt670.TestDT670Arduino" name="test_connect_success" time="0.003" /><testcase classname="tests.arduino.test_dt670.TestDT670Arduino" name="test_connect_failure_never_simulates" time="0.002" /><testcase classname="tests.arduino.test_dt670.TestDT670Arduino" name="test_hk_ok_logs_both_channels" time="0.004" /><testcase classname="tests.arduino.test_dt670.TestDT670Arduino" name="test_hk_fault_flags" time="0.009" /><testcase classname="tests.arduino.test_dt670.TestDT670Arduino" name="test_hk_stale_age_skipped" time="0.004" /><testcase classname="tests.arduino.test_dt670.TestDT670Arduino" name="test_hk_timeout_no_samples" time="0.002" /><testcase classname="tests.arduino.test_dt670.TestDT670Arduino" name="test_hk_malformed_json" time="0.003" /><testcase classname="tests.arduino.test_dt670.TestDT670Arduino" name="test_sim_mode" time="0.002" /><testcase classname="tests.arduino.test_dt670.TestDT670Arduino" name="test_read_dt670_sim_shape" time="0.002" /></testsuite></testsuites>