<?xml version="1.0" encoding="utf-8"?><testsuites name="pytest tests"><testsuite name="pytest" errors="0" failures="0" skipped="0" tests="16" time="3.675" timestamp="2026-07-06T19:46:35.103500+02:00" hostname="DESKTOP-OM3O4N2"><testcase classname="tests.cgc.test_campaign" name="test_watchdog_all_clear_when_within_limits" time="0.003" /><testcase classname="tests.cgc.test_campaign" name="test_watchdog_current_breach_steps_setpoint_down" time="0.002" /><testcase classname="tests.cgc.test_campaign" name="test_watchdog_power_breach_without_current_breach" time="0.001" /><testcase classname="tests.cgc.test_campaign" name="test_watchdog_second_consecutive_breach_disables_outputs" time="0.002" /><testcase classname="tests.cgc.test_campaign" name="test_watchdog_recovery_resets_consecutive_counter" time="0.001" /><testcase classname="tests.cgc.test_campaign" name="test_watchdog_custom_on_breach_replaces_default_action" time="0.001" /><testcase classname="tests.cgc.test_campaign" name="test_watchdog_limits_are_the_cgc_numbers" time="0.001" /><testcase classname="tests.cgc.test_campaign" name="test_watchdog_purges_and_retries_on_bad_status" time="0.001" /><testcase classname="tests.cgc.test_campaign" name="test_watchdog_gives_up_after_failed_purge_retry" time="0.001" /><testcase classname="tests.cgc.test_campaign" name="test_watchdog_never_purges_in_test_mode" time="0.001" /><testcase classname="tests.cgc.test_campaign" name="test_ramp_voltage_sets_1khz_first_then_steps_to_target" time="0.002" /><testcase classname="tests.cgc.test_campaign" name="test_ramp_voltage_rejects_targets_above_ceiling" time="0.002" /><testcase classname="tests.cgc.test_campaign" name="test_ramp_voltage_stops_on_watchdog_breach" time="0.002" /><testcase classname="tests.cgc.test_campaign" name="test_ramp_frequency_doubles_to_target" time="0.001" /><testcase classname="tests.cgc.test_campaign" name="test_ramp_frequency_stops_on_watchdog_breach" time="0.001" /><testcase classname="tests.cgc.test_campaign" name="test_ramp_helpers_dispatch_swhr_oscillator_argument" time="0.002" /></testsuite></testsuites>