<?xml version="1.0" encoding="utf-8"?><testsuites name="pytest tests"><testsuite name="pytest" errors="0" failures="0" skipped="0" tests="28" time="0.407" timestamp="2026-09-23T10:00:47.206873+02:00" hostname="DESKTOP-OM3O4N2"><testcase classname="tests.cgc.test_cgc_esi" name="test_ctor_and_status_contract" time="0.002" /><testcase classname="tests.cgc.test_cgc_esi" name="test_loads_the_1_10_x64_dll" time="0.001" /><testcase classname="tests.cgc.test_cgc_esi" name="test_dll_flavor_x86_uses_the_bridge_path" time="0.001" /><testcase classname="tests.cgc.test_cgc_esi" name="test_bringup_order_open_comspeed_enable" time="0.001" /><testcase classname="tests.cgc.test_cgc_esi" name="test_comspeed_failure_warns_but_connects" time="0.001" /><testcase classname="tests.cgc.test_cgc_esi" name="test_bringup_failure_closes_port_and_releases_guard" time="0.001" /><testcase classname="tests.cgc.test_cgc_esi" name="test_connect_failure_never_simulates" time="0.038" /><testcase classname="tests.cgc.test_cgc_esi" name="test_reconnect_reruns_full_bringup" time="0.001" /><testcase classname="tests.cgc.test_cgc_esi" name="test_interlock_masks_are_split" time="0.001" /><testcase classname="tests.cgc.test_cgc_esi" name="test_bringup_repairs_zero_voltage_step" time="0.001" /><testcase classname="tests.cgc.test_cgc_esi" name="test_bringup_survives_voltage_step_failures" time="0.001" /><testcase classname="tests.cgc.test_cgc_esi" name="test_list_configs_separates_active_from_deleted" time="0.001" /><testcase classname="tests.cgc.test_cgc_esi" name="test_voltage_step_simulated_in_test_mode" time="0.001" /><testcase classname="tests.cgc.test_cgc_esi" name="test_device_activation_state_api_is_gone" time="0.000" /><testcase classname="tests.cgc.test_cgc_esi" name="test_second_instance_cannot_connect_while_first_holds_the_dll" time="0.004" /><testcase classname="tests.cgc.test_cgc_esi" name="test_holder_reconnect_does_not_trip_its_own_guard" time="0.001" /><testcase classname="tests.cgc.test_cgc_esi" name="test_hk_monitor_writes_canonical_samples" time="0.042" /><testcase classname="tests.cgc.test_cgc_esi" name="test_hk_activated_follows_standby_state" time="0.043" /><testcase classname="tests.cgc.test_cgc_esi" name="test_check_raises_cgc_status_error" time="0.001" /><testcase classname="tests.cgc.test_cgc_esi" name="test_sim_construct_connect_reconnect_without_dll" time="0.001" /><testcase classname="tests.cgc.test_cgc_esi" name="test_sim_config_workflow_drives_activation" time="0.005" /><testcase classname="tests.cgc.test_cgc_esi" name="test_sim_working_config_applies_immediately" time="0.001" /><testcase classname="tests.cgc.test_cgc_esi" name="test_sim_save_and_name_config" time="0.001" /><testcase classname="tests.cgc.test_cgc_esi" name="test_sim_hv_target_and_readback_roundtrip" time="0.001" /><testcase classname="tests.cgc.test_cgc_esi" name="test_sim_meas_ranges_roundtrip" time="0.001" /><testcase classname="tests.cgc.test_cgc_esi" name="test_sim_heater_target_set_get" time="0.001" /><testcase classname="tests.cgc.test_cgc_esi" name="test_sim_hk_channels" time="0.055" /><testcase classname="tests.cgc.test_cgc_esi" name="test_sim_raw_dll_exports_are_real_hardware_only" time="0.001" /></testsuite></testsuites>