<?xml version="1.0" encoding="utf-8"?><testsuites name="pytest tests"><testsuite name="pytest" errors="0" failures="0" skipped="0" tests="321" time="7.460" timestamp="2026-07-06T17:28:50.160132+02:00" hostname="DESKTOP-OM3O4N2"><testcase classname="tests.arduino.test_arduino.TestArduino" name="test_arduino_initialization" time="0.004" /><testcase classname="tests.arduino.test_arduino.TestArduino" name="test_get_status" time="0.004" /><testcase classname="tests.arduino.test_arduino.TestArduino" name="test_connect_success" time="0.004" /><testcase classname="tests.arduino.test_arduino.TestArduino" name="test_connect_failure" time="0.002" /><testcase classname="tests.arduino.test_arduino.TestArduino" name="test_disconnect_success" time="0.002" /><testcase classname="tests.arduino.test_arduino.TestArduino" name="test_disconnect_no_connection" time="0.002" /><testcase classname="tests.arduino.test_arduino.TestArduino" name="test_parse_pump_locker_data_valid" time="0.002" /><testcase classname="tests.arduino.test_arduino.TestArduino" name="test_parse_pump_locker_data_with_spaces" time="0.002" /><testcase classname="tests.arduino.test_arduino.TestArduino" name="test_parse_trafo_locker_data_valid" time="0.002" /><testcase classname="tests.arduino.test_arduino.TestArduino" name="test_parse_data_invalid_format" time="0.003" /><testcase classname="tests.arduino.test_arduino.TestArduino" name="test_readout_not_connected" time="0.002" /><testcase classname="tests.arduino.test_arduino.TestArduino" name="test_readout_with_data" time="0.002" /><testcase classname="tests.arduino.test_arduino.TestArduino" name="test_readout_no_data" time="0.002" /><testcase classname="tests.arduino.test_arduino.TestArduino" name="test_read_arduino_data_success" time="0.002" /><testcase classname="tests.arduino.test_arduino.TestArduino" name="test_read_arduino_data_no_data" time="0.002" /><testcase classname="tests.arduino.test_arduino.TestArduino" name="test_read_arduino_data_test_mode" time="0.003" /><testcase classname="tests.cgc.test_campaign" name="test_watchdog_all_clear_when_within_limits" time="0.001" /><testcase classname="tests.cgc.test_campaign" name="test_watchdog_current_breach_steps_setpoint_down" time="0.002" /><testcase classname="tests.cgc.test_campaign" name="test_watchdog_power_breach_without_current_breach" time="0.001" /><testcase classname="tests.cgc.test_campaign" name="test_watchdog_second_consecutive_breach_disables_outputs" time="0.002" /><testcase classname="tests.cgc.test_campaign" name="test_watchdog_recovery_resets_consecutive_counter" time="0.001" /><testcase classname="tests.cgc.test_campaign" name="test_watchdog_custom_on_breach_replaces_default_action" time="0.001" /><testcase classname="tests.cgc.test_campaign" name="test_watchdog_limits_are_the_cgc_numbers" time="0.001" /><testcase classname="tests.cgc.test_campaign" name="test_ramp_voltage_sets_1khz_first_then_steps_to_target" time="0.002" /><testcase classname="tests.cgc.test_campaign" name="test_ramp_voltage_rejects_targets_above_ceiling" time="0.002" /><testcase classname="tests.cgc.test_campaign" name="test_ramp_voltage_stops_on_watchdog_breach" time="0.002" /><testcase classname="tests.cgc.test_campaign" name="test_ramp_frequency_doubles_to_target" time="0.001" /><testcase classname="tests.cgc.test_campaign" name="test_ramp_frequency_stops_on_watchdog_breach" time="0.001" /><testcase classname="tests.cgc.test_campaign" name="test_ramp_helpers_dispatch_swhr_oscillator_argument" time="0.002" /><testcase classname="tests.cgc.test_cgc_bases" name="test_amprbase_construction_loads_dll_and_error_dict" time="0.001" /><testcase classname="tests.cgc.test_cgc_bases" name="test_second_amprbase_loads_private_dll_copy" time="0.003" /><testcase classname="tests.cgc.test_cgc_bases" name="test_two_amprbases_open_ports_on_separate_channels" time="0.003" /><testcase classname="tests.cgc.test_cgc_bases" name="test_amprbase_open_port_marshals_c_ubyte" time="0.001" /><testcase classname="tests.cgc.test_cgc_bases" name="test_amprbase_set_baud_rate_byref_roundtrip" time="0.001" /><testcase classname="tests.cgc.test_cgc_bases" name="test_amprbase_get_fw_date_string_buffer" time="0.001" /><testcase classname="tests.cgc.test_cgc_bases" name="test_amprbase_get_housekeeping_15_tuple_unpack" time="0.001" /><testcase classname="tests.cgc.test_cgc_bases" name="test_amprbase_measured_voltages_array_out" time="0.001" /><testcase classname="tests.cgc.test_cgc_bases" name="test_amprbase_get_state_maps_main_state" time="0.001" /><testcase classname="tests.cgc.test_cgc_bases" name="test_amprbase_device_state_flag_decode" time="0.001" /><testcase classname="tests.cgc.test_cgc_bases" name="test_amprbase_error_constants_match_header" time="0.001" /><testcase classname="tests.cgc.test_cgc_bases" name="test_pabase_construction_loads_dll_and_error_dict" time="0.001" /><testcase classname="tests.cgc.test_cgc_bases" name="test_pabase_open_port_marshals_c_ubyte" time="0.001" /><testcase classname="tests.cgc.test_cgc_bases" name="test_pabase_set_enable_marshals_c_bool" time="0.001" /><testcase classname="tests.cgc.test_cgc_bases" name="test_pabase_get_current_multi_out_unpack" time="0.001" /><testcase classname="tests.cgc.test_cgc_bases" name="test_pabase_get_module_current_addr_and_out" time="0.001" /><testcase classname="tests.cgc.test_cgc_bases" name="test_pabase_get_config_name_string_buffer" time="0.001" /><testcase classname="tests.cgc.test_cgc_bases" name="test_pabase_module_housekeeping_17_tuple_unpack" time="0.001" /><testcase classname="tests.cgc.test_cgc_bases" name="test_pabase_get_error_message_decodes_char_p" time="0.001" /><testcase classname="tests.cgc.test_cgc_bases" name="test_pabase_constants_match_header" time="0.001" /><testcase classname="tests.cgc.test_cgc_device" name="test_ctor_and_status_contract" time="0.001" /><testcase classname="tests.cgc.test_cgc_device" name="test_ampr_connect_opens_port_and_sets_baud" time="0.001" /><testcase classname="tests.cgc.test_cgc_device" name="test_two_amprs_in_one_process_drive_separate_channels" time="0.003" /><testcase classname="tests.cgc.test_cgc_device" name="test_ampr_connect_failure_never_simulates" time="0.039" /><testcase classname="tests.cgc.test_cgc_device" name="test_ampr_baud_failure_warns_but_connects" time="0.005" /><testcase classname="tests.cgc.test_cgc_device" name="test_check_raises_cgc_status_error" time="0.001" /><testcase classname="tests.cgc.test_cgc_device" name="test_pa_bringup_strict_order" time="0.001" /><testcase classname="tests.cgc.test_cgc_device" name="test_pa_bringup_failure_closes_port" time="0.001" /><testcase classname="tests.cgc.test_cgc_device" name="test_pa_reconnect_reruns_full_bringup" time="0.002" /><testcase classname="tests.cgc.test_cgc_device" name="test_ampr_hk_monitor_writes_canonical_samples" time="0.041" /><testcase classname="tests.cgc.test_cgc_device" name="test_pa_hk_poke_triggers_immediate_cycle" time="0.051" /><testcase classname="tests.cgc.test_cgc_device" name="test_trace_dll_calls_shadows_only_unoverridden_methods" time="0.002" /><testcase classname="tests.cgc.test_cgc_device" name="test_disconnect_close_failure_is_warning_only" time="0.001" /><testcase classname="tests.cgc.test_cgc_esi" name="test_ctor_and_status_contract" time="0.001" /><testcase classname="tests.cgc.test_cgc_esi" name="test_bringup_order_open_comspeed_enable" time="0.001" /><testcase classname="tests.cgc.test_cgc_esi" name="test_comspeed_failure_warns_but_connects" time="0.001" /><testcase classname="tests.cgc.test_cgc_esi" name="test_bringup_failure_closes_port_and_releases_guard" time="0.002" /><testcase classname="tests.cgc.test_cgc_esi" name="test_connect_failure_never_simulates" time="0.026" /><testcase classname="tests.cgc.test_cgc_esi" name="test_reconnect_reruns_full_bringup" time="0.002" /><testcase classname="tests.cgc.test_cgc_esi" name="test_second_instance_cannot_connect_while_first_holds_the_dll" time="0.004" /><testcase classname="tests.cgc.test_cgc_esi" name="test_holder_reconnect_does_not_trip_its_own_guard" time="0.002" /><testcase classname="tests.cgc.test_cgc_esi" name="test_hk_monitor_writes_canonical_samples" time="0.038" /><testcase classname="tests.cgc.test_cgc_esi" name="test_check_raises_cgc_status_error" time="0.002" /><testcase classname="tests.cgc.test_cgc_esi" name="test_sim_construct_connect_reconnect_without_dll" time="0.001" /><testcase classname="tests.cgc.test_cgc_esi" name="test_sim_hv_target_and_readback_roundtrip" time="0.001" /><testcase classname="tests.cgc.test_cgc_esi" name="test_sim_hk_channels" time="0.062" /><testcase classname="tests.cgc.test_cgc_esi" name="test_sim_raw_dll_exports_are_real_hardware_only" time="0.001" /><testcase classname="tests.cgc.test_cgc_psu" name="test_psubase_construction_loads_dll_and_error_dict" time="0.001" /><testcase classname="tests.cgc.test_cgc_psu" name="test_psubase_open_port_arg_order_is_port_then_com" time="0.001" /><testcase classname="tests.cgc.test_cgc_psu" name="test_psubase_close_port_uses_dll_port_index" time="0.001" /><testcase classname="tests.cgc.test_cgc_psu" name="test_psubase_set_comspeed_byref_uint32_status_only" time="0.001" /><testcase classname="tests.cgc.test_cgc_psu" name="test_psubase_get_housekeeping_5_tuple_unpack" time="0.001" /><testcase classname="tests.cgc.test_cgc_psu" name="test_psubase_get_psu_data_multi_out_unpack" time="0.001" /><testcase classname="tests.cgc.test_cgc_psu" name="test_psubase_get_psu_enable_bool_pair" time="0.001" /><testcase classname="tests.cgc.test_cgc_psu" name="test_psubase_get_fan_data_arrays" time="0.001" /><testcase classname="tests.cgc.test_cgc_psu" name="test_ctor_and_status_contract" time="0.001" /><testcase classname="tests.cgc.test_cgc_psu" name="test_connect_opens_indexed_port_then_comspeed" time="0.001" /><testcase classname="tests.cgc.test_cgc_psu" name="test_two_psus_in_one_process_use_distinct_dll_ports" time="0.002" /><testcase classname="tests.cgc.test_cgc_psu" name="test_comspeed_failure_warns_but_connects" time="0.001" /><testcase classname="tests.cgc.test_cgc_psu" name="test_connect_failure_never_simulates" time="0.030" /><testcase classname="tests.cgc.test_cgc_psu" name="test_reconnect_reruns_bringup" time="0.002" /><testcase classname="tests.cgc.test_cgc_psu" name="test_hk_monitor_writes_canonical_samples" time="0.041" /><testcase classname="tests.cgc.test_cgc_psu" name="test_set_current_takes_ma_dll_gets_ampere" time="0.002" /><testcase classname="tests.cgc.test_cgc_psu" name="test_check_raises_cgc_status_error" time="0.001" /><testcase classname="tests.cgc.test_cgc_psu" name="test_sim_construct_connect_reconnect_without_dll" time="0.001" /><testcase classname="tests.cgc.test_cgc_psu" name="test_sim_voltage_readback_gated_on_both_enables" time="0.001" /><testcase classname="tests.cgc.test_cgc_psu" name="test_sim_current_limit_roundtrip_in_ma" time="0.006" /><testcase classname="tests.cgc.test_cgc_psu" name="test_sim_hk_channels_and_sim_flag" time="0.071" /><testcase classname="tests.cgc.test_cgc_psu" name="test_sim_raw_dll_exports_are_real_hardware_only" time="0.001" /><testcase classname="tests.cgc.test_cgc_sim" name="test_sim_construct_connect_reconnect_without_dll" time="0.001" /><testcase classname="tests.cgc.test_cgc_sim" name="test_sim_marker_and_sim_flag_in_sink" time="0.037" /><testcase classname="tests.cgc.test_cgc_sim" name="test_ampr_sim_hk_channels" time="0.037" /><testcase classname="tests.cgc.test_cgc_sim" name="test_pa_sim_hk_channels" time="0.041" /><testcase classname="tests.cgc.test_cgc_sim" name="test_ampr_sim_voltage_roundtrip" time="0.010" /><testcase classname="tests.cgc.test_cgc_sim" name="test_ampr_sim_enable_psu_drives_state" time="0.002" /><testcase classname="tests.cgc.test_cgc_sim" name="test_pa_sim_get_current_drain_and_refill" time="0.001" /><testcase classname="tests.cgc.test_cgc_sim" name="test_pa_sim_enable_roundtrips" time="0.001" /><testcase classname="tests.cgc.test_cgc_sim" name="test_pa_sim_module_current" time="0.001" /><testcase classname="tests.cgc.test_cgc_sim" name="test_sim_raw_dll_exports_are_real_hardware_only" time="0.001" /><testcase classname="tests.cgc.test_cgc_sw" name="test_swbase_construction_loads_dll_and_error_dict" time="0.001" /><testcase classname="tests.cgc.test_cgc_sw" name="test_swbase_open_port_defaults_to_dll_port" time="0.001" /><testcase classname="tests.cgc.test_cgc_sw" name="test_swbase_set_comspeed_byref_roundtrip" time="0.001" /><testcase classname="tests.cgc.test_cgc_sw" name="test_swbase_get_oscillator_period_byref" time="0.001" /><testcase classname="tests.cgc.test_cgc_sw" name="test_swhrbase_construction_and_stream_addressing" time="0.001" /><testcase classname="tests.cgc.test_cgc_sw" name="test_swhrbase_get_housekeeping_9_tuple_unpack" time="0.001" /><testcase classname="tests.cgc.test_cgc_sw" name="test_swhrbase_fine_delay_marshals_uint16" time="0.001" /><testcase classname="tests.cgc.test_cgc_sw" name="test_sw_ctor_and_status_contract" time="0.001" /><testcase classname="tests.cgc.test_cgc_sw" name="test_swhr_ctor_and_status_contract" time="0.001" /><testcase classname="tests.cgc.test_cgc_sw" name="test_sw_connect_opens_then_comspeed" time="0.001" /><testcase classname="tests.cgc.test_cgc_sw" name="test_swhr_connect_opens_then_comspeed" time="0.002" /><testcase classname="tests.cgc.test_cgc_sw" name="test_sw_comspeed_failure_warns_but_connects" time="0.001" /><testcase classname="tests.cgc.test_cgc_sw" name="test_sw_connect_failure_never_simulates" time="0.026" /><testcase classname="tests.cgc.test_cgc_sw" name="test_swhr_reconnect_reruns_bringup" time="0.002" /><testcase classname="tests.cgc.test_cgc_sw" name="test_sw_hk_monitor_skips_broken_sensor_and_derives_freq" time="0.037" /><testcase classname="tests.cgc.test_cgc_sw" name="test_swhr_hk_monitor_rails_and_skip" time="0.035" /><testcase classname="tests.cgc.test_cgc_sw" name="test_sim_construct_connect_reconnect_without_dll" time="0.002" /><testcase classname="tests.cgc.test_cgc_sw" name="test_sw_sim_frequency_and_duty_cycle_roundtrip" time="0.001" /><testcase classname="tests.cgc.test_cgc_sw" name="test_sw_sim_enable_drives_controller_state" time="0.001" /><testcase classname="tests.cgc.test_cgc_sw" name="test_swhr_sim_fine_delay_and_frequency_roundtrip" time="0.001" /><testcase classname="tests.cgc.test_cgc_sw" name="test_sim_hk_channels_and_sim_flag" time="0.041" /><testcase classname="tests.cgc.test_cgc_sw" name="test_sim_raw_dll_exports_are_real_hardware_only" time="0.007" /><testcase classname="tests.chiller.test_chiller.TestChiller" name="test_chiller_initialization_default" time="0.002" /><testcase classname="tests.chiller.test_chiller.TestChiller" name="test_chiller_initialization_custom" time="0.001" /><testcase classname="tests.chiller.test_chiller.TestChiller" name="test_get_status" time="0.002" /><testcase classname="tests.chiller.test_chiller.TestChiller" name="test_connect_success" time="0.002" /><testcase classname="tests.chiller.test_chiller.TestChiller" name="test_connect_failure" time="0.002" /><testcase classname="tests.chiller.test_chiller.TestChiller" name="test_disconnect_success" time="0.002" /><testcase classname="tests.chiller.test_chiller.TestChiller" name="test_disconnect_no_connection" time="0.002" /><testcase classname="tests.chiller.test_chiller.TestChiller" name="test_read_dev_success" time="0.002" /><testcase classname="tests.chiller.test_chiller.TestChiller" name="test_read_dev_not_connected" time="0.001" /><testcase classname="tests.chiller.test_chiller.TestChiller" name="test_set_param_success" time="0.002" /><testcase classname="tests.chiller.test_chiller.TestChiller" name="test_set_param_failure" time="0.002" /><testcase classname="tests.chiller.test_chiller.TestChiller" name="test_set_param_not_connected" time="0.002" /><testcase classname="tests.chiller.test_chiller.TestChiller" name="test_read_temp" time="0.002" /><testcase classname="tests.chiller.test_chiller.TestChiller" name="test_read_set_temp" time="0.002" /><testcase classname="tests.chiller.test_chiller.TestChiller" name="test_read_pump_level" time="0.002" /><testcase classname="tests.chiller.test_chiller.TestChiller" name="test_read_cooling" time="0.005" /><testcase classname="tests.chiller.test_chiller.TestChiller" name="test_read_keylock" time="0.002" /><testcase classname="tests.chiller.test_chiller.TestChiller" name="test_read_running" time="0.002" /><testcase classname="tests.chiller.test_chiller.TestChiller" name="test_read_status" time="0.002" /><testcase classname="tests.chiller.test_chiller.TestChiller" name="test_read_stat_diagnose" time="0.002" /><testcase classname="tests.chiller.test_chiller.TestChiller" name="test_set_temperature" time="0.003" /><testcase classname="tests.chiller.test_chiller.TestChiller" name="test_set_pump_level_valid" time="0.004" /><testcase classname="tests.chiller.test_chiller.TestChiller" name="test_set_pump_level_invalid" time="0.002" /><testcase classname="tests.chiller.test_chiller.TestChiller" name="test_set_temperature_rejects_non_finite" time="0.002" /><testcase classname="tests.chiller.test_chiller.TestChiller" name="test_sim_setpoint_roundtrip" time="0.002" /><testcase classname="tests.chiller.test_chiller.TestChiller" name="test_sim_pump_level_roundtrip" time="0.002" /><testcase classname="tests.chiller.test_chiller.TestChiller" name="test_sim_pump_level_still_validates" time="0.002" /><testcase classname="tests.chiller.test_chiller.TestChiller" name="test_set_keylock" time="0.002" /><testcase classname="tests.chiller.test_chiller.TestChiller" name="test_start_device" time="0.002" /><testcase classname="tests.chiller.test_chiller.TestChiller" name="test_stop_device" time="0.002" /><testcase classname="tests.chiller.test_chiller.TestChiller" name="test_custom_logger" time="0.002" /><testcase classname="tests.chiller.test_chiller.TestChillerCommands" name="test_read_commands" time="0.001" /><testcase classname="tests.chiller.test_chiller.TestChillerCommands" name="test_write_commands" time="0.001" /><testcase classname="tests.chiller.test_chiller.TestChillerIntegration" name="test_full_operation_cycle" time="0.004" /><testcase classname="tests.chiller.test_chiller.TestChillerIntegration" name="test_error_handling_without_connection" time="0.002" /><testcase classname="tests.chiller.test_chiller.TestChillerIntegration" name="test_logger_creation_and_usage" time="0.002" /><testcase classname="tests.chiller.test_chiller.TestChillerIntegration" name="test_internal_thread_mode_initialization" time="0.002" /><testcase classname="tests.chiller.test_chiller.TestChillerIntegration" name="test_external_thread_mode_initialization" time="0.002" /><testcase classname="tests.chiller.test_chiller.TestChillerIntegration" name="test_enable_file_logging_existing_handler" time="0.002" /><testcase classname="tests.chiller.test_chiller.TestChillerIntegration" name="test_start_housekeeping_internal_mode_success" time="0.003" /><testcase classname="tests.chiller.test_chiller.TestChillerIntegration" name="test_start_housekeeping_external_mode_success" time="0.002" /><testcase classname="tests.chiller.test_chiller.TestChillerIntegration" name="test_start_housekeeping_default_interval" time="0.004" /><testcase classname="tests.chiller.test_chiller.TestChillerIntegration" name="test_start_housekeeping_not_connected" time="0.002" /><testcase classname="tests.chiller.test_chiller.TestChillerIntegration" name="test_start_housekeeping_already_running" time="0.002" /><testcase classname="tests.chiller.test_chiller.TestChillerIntegration" name="test_stop_housekeeping_internal_mode" time="0.003" /><testcase classname="tests.chiller.test_chiller.TestChillerIntegration" name="test_stop_housekeeping_external_mode" time="0.002" /><testcase classname="tests.chiller.test_chiller.TestChillerIntegration" name="test_stop_housekeeping_not_running" time="0.002" /><testcase classname="tests.chiller.test_chiller.TestChillerIntegration" name="test_do_housekeeping_cycle_success" time="0.002" /><testcase classname="tests.chiller.test_chiller.TestChillerIntegration" name="test_do_housekeeping_cycle_not_running" time="0.002" /><testcase classname="tests.chiller.test_chiller.TestChillerIntegration" name="test_do_housekeeping_cycle_not_connected" time="0.002" /><testcase classname="tests.chiller.test_chiller.TestChillerIntegration" name="test_do_housekeeping_cycle_exception" time="0.002" /><testcase classname="tests.chiller.test_chiller.TestChillerIntegration" name="test_should_continue_housekeeping_true" time="0.002" /><testcase classname="tests.chiller.test_chiller.TestChillerIntegration" name="test_should_continue_housekeeping_false_not_running" time="0.002" /><testcase classname="tests.chiller.test_chiller.TestChillerIntegration" name="test_should_continue_housekeeping_false_stop_event" time="0.002" /><testcase classname="tests.chiller.test_chiller.TestChillerIntegration" name="test_hk_worker_function" time="0.003" /><testcase classname="tests.chiller.test_chiller.TestChillerIntegration" name="test_get_status_with_threading_info" time="0.002" /><testcase classname="tests.chiller.test_chiller.TestChillerIntegration" name="test_thread_safety_concurrent_access" time="0.003" /><testcase classname="tests.chiller.test_chiller.TestChillerIntegration" name="test_disconnect_stops_housekeeping" time="0.003" /><testcase classname="tests.chiller.test_chiller.TestChillerIntegration" name="test_cleanup_destructor" time="0.002" /><testcase classname="tests.chiller.test_chiller.TestChillerIntegration" name="test_threading_attributes_consistency" time="0.002" /><testcase classname="tests.chiller.test_chiller.TestChillerIntegration" name="test_interval_parameter_handling" time="0.005" /><testcase classname="tests.syringe_pump.test_syringe_pump.TestSyringePump" name="test_syringe_pump_initialization_default" time="0.002" /><testcase classname="tests.syringe_pump.test_syringe_pump.TestSyringePump" name="test_syringe_pump_initialization_custom" time="0.001" /><testcase classname="tests.syringe_pump.test_syringe_pump.TestSyringePump" name="test_initialization_with_external_thread" time="0.001" /><testcase classname="tests.syringe_pump.test_syringe_pump.TestSyringePump" name="test_connect_success" time="0.003" /><testcase classname="tests.syringe_pump.test_syringe_pump.TestSyringePump" name="test_connect_failure" time="0.002" /><testcase classname="tests.syringe_pump.test_syringe_pump.TestSyringePump" name="test_disconnect_success" time="0.003" /><testcase classname="tests.syringe_pump.test_syringe_pump.TestSyringePump" name="test_disconnect_no_connection" time="0.002" /><testcase classname="tests.syringe_pump.test_syringe_pump.TestSyringePump" name="test_add_mode_no_mode" time="0.002" /><testcase classname="tests.syringe_pump.test_syringe_pump.TestSyringePump" name="test_add_mode_with_mode" time="0.001" /><testcase classname="tests.syringe_pump.test_syringe_pump.TestSyringePump" name="test_add_x_no_prefix" time="0.001" /><testcase classname="tests.syringe_pump.test_syringe_pump.TestSyringePump" name="test_add_x_with_prefix" time="0.001" /><testcase classname="tests.syringe_pump.test_syringe_pump.TestSyringePump" name="test_send_command_not_connected" time="0.002" /><testcase classname="tests.syringe_pump.test_syringe_pump.TestSyringePump" name="test_send_command_success" time="0.004" /><testcase classname="tests.syringe_pump.test_syringe_pump.TestSyringePump" name="test_get_response_success" time="0.002" /><testcase classname="tests.syringe_pump.test_syringe_pump.TestSyringePump" name="test_get_response_error" time="0.002" /><testcase classname="tests.syringe_pump.test_syringe_pump.TestSyringePump" name="test_start_pump_no_x_no_mode" time="0.002" /><testcase classname="tests.syringe_pump.test_syringe_pump.TestSyringePump" name="test_start_pump_with_x_and_mode" time="0.001" /><testcase classname="tests.syringe_pump.test_syringe_pump.TestSyringePump" name="test_stop_pump" time="0.002" /><testcase classname="tests.syringe_pump.test_syringe_pump.TestSyringePump" name="test_pause_pump" time="0.002" /><testcase classname="tests.syringe_pump.test_syringe_pump.TestSyringePump" name="test_restart_pump" time="0.002" /><testcase classname="tests.syringe_pump.test_syringe_pump.TestSyringePump" name="test_set_units_valid" time="0.012" /><testcase classname="tests.syringe_pump.test_syringe_pump.TestSyringePump" name="test_set_units_invalid" time="0.002" /><testcase classname="tests.syringe_pump.test_syringe_pump.TestSyringePump" name="test_set_diameter" time="0.002" /><testcase classname="tests.syringe_pump.test_syringe_pump.TestSyringePump" name="test_set_rate_single_value" time="0.002" /><testcase classname="tests.syringe_pump.test_syringe_pump.TestSyringePump" name="test_set_rate_multiple_values" time="0.002" /><testcase classname="tests.syringe_pump.test_syringe_pump.TestSyringePump" name="test_set_volume_single_value" time="0.002" /><testcase classname="tests.syringe_pump.test_syringe_pump.TestSyringePump" name="test_set_volume_multiple_values" time="0.002" /><testcase classname="tests.syringe_pump.test_syringe_pump.TestSyringePump" name="test_set_delay_single_value" time="0.002" /><testcase classname="tests.syringe_pump.test_syringe_pump.TestSyringePump" name="test_set_delay_multiple_values" time="0.002" /><testcase classname="tests.syringe_pump.test_syringe_pump.TestSyringePump" name="test_set_time" time="0.002" /><testcase classname="tests.syringe_pump.test_syringe_pump.TestSyringePump" name="test_get_parameter_limits" time="0.002" /><testcase classname="tests.syringe_pump.test_syringe_pump.TestSyringePump" name="test_get_parameters" time="0.002" /><testcase classname="tests.syringe_pump.test_syringe_pump.TestSyringePump" name="test_get_displaced_volume" time="0.002" /><testcase classname="tests.syringe_pump.test_syringe_pump.TestSyringePump" name="test_get_elapsed_time" time="0.002" /><testcase classname="tests.syringe_pump.test_syringe_pump.TestSyringePump" name="test_get_pump_status" time="0.002" /><testcase classname="tests.syringe_pump.test_syringe_pump.TestSyringePump" name="test_get_available_ports_windows" time="0.006" /><testcase classname="tests.syringe_pump.test_syringe_pump.TestSyringePump" name="test_get_available_ports_linux" time="0.002" /><testcase classname="tests.syringe_pump.test_syringe_pump.TestSyringePump" name="test_flush_buffers" time="0.003" /><testcase classname="tests.syringe_pump.test_syringe_pump.TestSyringePump" name="test_flush_buffers_no_connection" time="0.001" /><testcase classname="tests.syringe_pump.test_syringe_pump.TestSyringePumpIntegration" name="test_typical_workflow" time="0.003" /><testcase classname="tests.syringe_pump.test_syringe_pump.TestSyringePumpIntegration" name="test_connection_lifecycle" time="0.004" /><testcase classname="tests.syringe_pump.test_syringe_pump.TestSyringePumpIntegration" name="test_multi_step_operations" time="0.002" /><testcase classname="tests.test_hk_poke" name="test_poke_triggers_immediate_cycle" time="0.140" /><testcase classname="tests.test_hk_poke" name="test_poke_without_hk_is_a_noop" time="0.019" /><testcase classname="tests.test_hk_poke" name="test_stop_does_not_wait_out_the_interval" time="0.020" /><testcase classname="tests.test_reconnect_responding.TestRespondingState" name="test_unknown_before_connect_and_without_hk" time="0.015" /><testcase classname="tests.test_reconnect_responding.TestRespondingState" name="test_true_while_samples_arrive" time="0.024" /><testcase classname="tests.test_reconnect_responding.TestRespondingState" name="test_false_when_polling_into_silence" time="0.030" /><testcase classname="tests.test_reconnect_responding.TestRespondingState" name="test_unknown_again_after_hk_stop" time="0.020" /><testcase classname="tests.test_reconnect_responding.TestReconnect" name="test_reconnect_resumes_housekeeping" time="0.028" /><testcase classname="tests.test_reconnect_responding.TestReconnect" name="test_reconnect_leaves_housekeeping_off" time="0.017" /><testcase classname="tests.test_reconnect_responding.TestReconnect" name="test_reconnect_resets_last_sample" time="0.022" /><testcase classname="tests.test_reconnect_responding.TestReconnect" name="test_connect_is_idempotent" time="0.016" /><testcase classname="tests.test_telemetry.TestSQLiteSink" name="test_satisfies_protocol" time="0.013" /><testcase classname="tests.test_telemetry.TestSQLiteSink" name="test_schema_created" time="0.015" /><testcase classname="tests.test_telemetry.TestSQLiteSink" name="test_wal_mode" time="0.026" /><testcase classname="tests.test_telemetry.TestSQLiteSink" name="test_write_sample" time="0.023" /><testcase classname="tests.test_telemetry.TestSQLiteSink" name="test_write_event" time="0.018" /><testcase classname="tests.test_telemetry.TestSQLiteSink" name="test_readonly_uri_reader" time="0.033" /><testcase classname="tests.test_telemetry.TestSQLiteSink" name="test_concurrent_writes" time="0.079" /><testcase classname="tests.test_telemetry.TestSQLiteSink" name="test_creates_parent_directory" time="0.016" /><testcase classname="tests.test_test_mode.TestTestMode" name="test_sim_connect_and_hk_cycle[&lt;lambda&gt;0]" time="0.041" /><testcase classname="tests.test_test_mode.TestTestMode" name="test_sim_connect_and_hk_cycle[&lt;lambda&gt;1]" time="0.037" /><testcase classname="tests.test_test_mode.TestTestMode" name="test_sim_connect_and_hk_cycle[&lt;lambda&gt;2]" time="0.035" /><testcase classname="tests.test_test_mode.TestTestMode" name="test_sim_connect_and_hk_cycle[&lt;lambda&gt;3]" time="0.041" /><testcase classname="tests.test_test_mode.TestTestMode" name="test_sim_connect_and_hk_cycle[&lt;lambda&gt;4]" time="0.039" /><testcase classname="tests.test_test_mode.TestTestMode" name="test_sim_connect_and_hk_cycle[&lt;lambda&gt;5]" time="0.042" /><testcase classname="tests.test_test_mode.TestTestMode" name="test_sim_connect_and_hk_cycle[&lt;lambda&gt;6]" time="0.055" /><testcase classname="tests.test_test_mode.TestTestMode" name="test_sim_connect_and_hk_cycle[&lt;lambda&gt;7]" time="0.058" /><testcase classname="tests.test_test_mode.TestTestMode" name="test_sim_connect_and_hk_cycle[&lt;lambda&gt;8]" time="0.035" /><testcase classname="tests.test_test_mode.TestTestMode" name="test_repeated_cycles_stable[&lt;lambda&gt;0]" time="0.051" /><testcase classname="tests.test_test_mode.TestTestMode" name="test_repeated_cycles_stable[&lt;lambda&gt;1]" time="0.046" /><testcase classname="tests.test_test_mode.TestTestMode" name="test_repeated_cycles_stable[&lt;lambda&gt;2]" time="0.065" /><testcase classname="tests.test_test_mode.TestTestMode" name="test_repeated_cycles_stable[&lt;lambda&gt;3]" time="0.068" /><testcase classname="tests.test_test_mode.TestTestMode" name="test_repeated_cycles_stable[&lt;lambda&gt;4]" time="0.064" /><testcase classname="tests.test_test_mode.TestTestMode" name="test_repeated_cycles_stable[&lt;lambda&gt;5]" time="0.069" /><testcase classname="tests.test_test_mode.TestTestMode" name="test_repeated_cycles_stable[&lt;lambda&gt;6]" time="0.122" /><testcase classname="tests.test_test_mode.TestTestMode" name="test_repeated_cycles_stable[&lt;lambda&gt;7]" time="0.144" /><testcase classname="tests.test_test_mode.TestTestMode" name="test_repeated_cycles_stable[&lt;lambda&gt;8]" time="0.031" /><testcase classname="tests.test_test_mode.TestTestMode" name="test_log_format_matches_canonical" time="0.018" /><testcase classname="tests.test_test_mode.TestTestMode" name="test_chiller_running_channel_follows_start_stop" time="0.039" /><testcase classname="tests.test_test_mode.TestTestMode" name="test_heating_enabled_in_sim_hk_cycle[&lt;lambda&gt;0]" time="0.046" /><testcase classname="tests.test_test_mode.TestTestMode" name="test_heating_enabled_in_sim_hk_cycle[&lt;lambda&gt;1]" time="0.059" /><testcase classname="tests.test_test_mode.TestTPG366SensorControl" name="test_sensor_on_states_in_sim_hk_cycle[&lt;lambda&gt;0]" time="0.042" /><testcase classname="tests.test_test_mode.TestTPG366SensorControl" name="test_sensor_on_states_in_sim_hk_cycle[&lt;lambda&gt;1]" time="0.043" /><testcase classname="tests.test_test_mode.TestTPG366SensorControl" name="test_sensor_on_off_flips_sim_state[&lt;lambda&gt;0]" time="0.002" /><testcase classname="tests.test_test_mode.TestTPG366SensorControl" name="test_sensor_on_off_flips_sim_state[&lt;lambda&gt;1]" time="0.005" /><testcase classname="tests.test_test_mode.TestTPG366SensorControl" name="test_invalid_channel_raises_value_error[&lt;lambda&gt;0-0-sensor_on]" time="0.005" /><testcase classname="tests.test_test_mode.TestTPG366SensorControl" name="test_invalid_channel_raises_value_error[&lt;lambda&gt;0-0-sensor_off]" time="0.002" /><testcase classname="tests.test_test_mode.TestTPG366SensorControl" name="test_invalid_channel_raises_value_error[&lt;lambda&gt;0-0-get_sensor_on]" time="0.003" /><testcase classname="tests.test_test_mode.TestTPG366SensorControl" name="test_invalid_channel_raises_value_error[&lt;lambda&gt;0-7-sensor_on]" time="0.003" /><testcase classname="tests.test_test_mode.TestTPG366SensorControl" name="test_invalid_channel_raises_value_error[&lt;lambda&gt;0-7-sensor_off]" time="0.003" /><testcase classname="tests.test_test_mode.TestTPG366SensorControl" name="test_invalid_channel_raises_value_error[&lt;lambda&gt;0-7-get_sensor_on]" time="0.003" /><testcase classname="tests.test_test_mode.TestTPG366SensorControl" name="test_invalid_channel_raises_value_error[&lt;lambda&gt;0-3-sensor_on]" time="0.003" /><testcase classname="tests.test_test_mode.TestTPG366SensorControl" name="test_invalid_channel_raises_value_error[&lt;lambda&gt;0-3-sensor_off]" time="0.009" /><testcase classname="tests.test_test_mode.TestTPG366SensorControl" name="test_invalid_channel_raises_value_error[&lt;lambda&gt;0-3-get_sensor_on]" time="0.003" /><testcase classname="tests.test_test_mode.TestTPG366SensorControl" name="test_invalid_channel_raises_value_error[&lt;lambda&gt;1-0-sensor_on]" time="0.003" /><testcase classname="tests.test_test_mode.TestTPG366SensorControl" name="test_invalid_channel_raises_value_error[&lt;lambda&gt;1-0-sensor_off]" time="0.003" /><testcase classname="tests.test_test_mode.TestTPG366SensorControl" name="test_invalid_channel_raises_value_error[&lt;lambda&gt;1-0-get_sensor_on]" time="0.004" /><testcase classname="tests.test_test_mode.TestTPG366SensorControl" name="test_invalid_channel_raises_value_error[&lt;lambda&gt;1-7-sensor_on]" time="0.002" /><testcase classname="tests.test_test_mode.TestTPG366SensorControl" name="test_invalid_channel_raises_value_error[&lt;lambda&gt;1-7-sensor_off]" time="0.003" /><testcase classname="tests.test_test_mode.TestTPG366SensorControl" name="test_invalid_channel_raises_value_error[&lt;lambda&gt;1-7-get_sensor_on]" time="0.003" /><testcase classname="tests.test_test_mode.TestTPG366SensorControl" name="test_invalid_channel_raises_value_error[&lt;lambda&gt;1-3-sensor_on]" time="0.003" /><testcase classname="tests.test_test_mode.TestTPG366SensorControl" name="test_invalid_channel_raises_value_error[&lt;lambda&gt;1-3-sensor_off]" time="0.003" /><testcase classname="tests.test_test_mode.TestTPG366SensorControl" name="test_invalid_channel_raises_value_error[&lt;lambda&gt;1-3-get_sensor_on]" time="0.003" /><testcase classname="tests.test_test_mode.TestTPG366SensorControl" name="test_zero_pressure_excluded_from_hk_cycle[&lt;lambda&gt;0]" time="0.051" /><testcase classname="tests.test_test_mode.TestTPG366SensorControl" name="test_zero_pressure_excluded_from_hk_cycle[&lt;lambda&gt;1]" time="0.057" /><testcase classname="tests.test_test_mode.TestTPG366SensorControl" name="test_frozen_register_off_sensor_not_logged[&lt;lambda&gt;0]" time="0.041" /><testcase classname="tests.test_test_mode.TestTPG366SensorControl" name="test_frozen_register_off_sensor_not_logged[&lt;lambda&gt;1]" time="0.039" /><testcase classname="tests.test_test_mode.TestTPG366SensorControl" name="test_over_range_sentinel_not_logged[&lt;lambda&gt;0]" time="0.040" /><testcase classname="tests.test_test_mode.TestTPG366SensorControl" name="test_over_range_sentinel_not_logged[&lt;lambda&gt;1]" time="0.042" /><testcase classname="tests.test_test_mode.TestTPG366SensorControl" name="test_state_read_failure_falls_back_to_pressure_read[&lt;lambda&gt;0]" time="0.047" /><testcase classname="tests.test_test_mode.TestTPG366SensorControl" name="test_state_read_failure_falls_back_to_pressure_read[&lt;lambda&gt;1]" time="0.052" /><testcase classname="tests.test_test_mode.TestNeverAutoSimulate" name="test_failed_connect_returns_false" time="0.038" /><testcase classname="tests.test_test_mode.TestNeverAutoSimulate" name="test_housekeeping_refuses_when_not_connected" time="0.034" /><testcase classname="tests.test_test_mode.TestNeverAutoSimulate" name="test_pfeiffer_protocol_guard_in_test_mode" time="0.002" /><testcase classname="tests.test_test_mode.TestNeverAutoSimulate" name="test_hipace_unsimulated_param_guard_in_test_mode[&lt;lambda&gt;0]" time="0.003" /><testcase classname="tests.test_test_mode.TestNeverAutoSimulate" name="test_hipace_unsimulated_param_guard_in_test_mode[&lt;lambda&gt;1]" time="0.003" /><testcase classname="tests.test_test_mode.TestHiPaceSimState" name="test_pump_stop_start_reflected_in_sim_hk[&lt;lambda&gt;0]" time="0.081" /><testcase classname="tests.test_test_mode.TestHiPaceSimState" name="test_pump_stop_start_reflected_in_sim_hk[&lt;lambda&gt;1]" time="0.086" /><testcase classname="tests.test_test_mode.TestHiPaceSimState" name="test_heating_toggle_reflected_in_sim[&lt;lambda&gt;0]" time="0.050" /><testcase classname="tests.test_test_mode.TestHiPaceSimState" name="test_heating_toggle_reflected_in_sim[&lt;lambda&gt;1]" time="0.059" /><testcase classname="tests.test_test_mode.TestHiPaceSimState" name="test_gauge_channels_in_sim_hk_cycle[&lt;lambda&gt;0]" time="0.080" /><testcase classname="tests.test_test_mode.TestHiPaceSimState" name="test_gauge_channels_in_sim_hk_cycle[&lt;lambda&gt;1]" time="0.084" /><testcase classname="tests.test_test_mode.TestHiPaceSimState" name="test_gauge_frozen_register_off_not_logged[&lt;lambda&gt;0]" time="0.053" /><testcase classname="tests.test_test_mode.TestHiPaceSimState" name="test_gauge_frozen_register_off_not_logged[&lt;lambda&gt;1]" time="0.056" /><testcase classname="tests.test_test_mode.TestHiPaceSimState" name="test_gauge_over_range_sentinel_not_logged[&lt;lambda&gt;0]" time="0.049" /><testcase classname="tests.test_test_mode.TestHiPaceSimState" name="test_gauge_over_range_sentinel_not_logged[&lt;lambda&gt;1]" time="0.053" /><testcase classname="tests.test_test_mode.TestHiPaceSimState" name="test_no_gauge_configured[&lt;lambda&gt;0]" time="0.049" /><testcase classname="tests.test_test_mode.TestHiPaceSimState" name="test_no_gauge_configured[&lt;lambda&gt;1]" time="0.054" /></testsuite></testsuites>